<?xml version="1.0" encoding="utf-8" standalone="no"?>
<!--This file represents the results of running a test suite-->
<test-results name="C:\Documents and Settings\stan.naspinski\Desktop\forganizer\Forganizer.Tests\bin\Debug\Forganizer.Tests.dll" total="4" errors="0" failures="0" not-run="0" inconclusive="0" ignored="0" skipped="0" invalid="0" date="2009-11-23" time="16:47:29">
  <environment nunit-version="2.5.2.9222" clr-version="2.0.50727.3082" os-version="Microsoft Windows NT 5.1.2600 Service Pack 3" platform="Win32NT" cwd="C:\Program Files\NUnit 2.5.2\bin\net-2.0" machine-name="N-IZ-23-40EF6A" user="stan.naspinski" user-domain="IRAQ" />
  <culture-info current-culture="en-US" current-uiculture="en-US" />
  <test-suite name="C:\Documents and Settings\stan.naspinski\Desktop\forganizer\Forganizer.Tests\bin\Debug\Forganizer.Tests.dll" executed="True" success="True" time="1.375" asserts="0">
    <results>
      <test-suite name="Forganizer" executed="True" success="True" time="1.375" asserts="0">
        <results>
          <test-suite name="Tests" executed="True" success="True" time="1.375" asserts="0">
            <results>
              <test-suite name="WebUI" executed="True" success="True" time="1.359" asserts="0">
                <results>
                  <test-suite name="ErrorControllerTests" executed="True" success="True" time="1.359" asserts="0">
                    <results>
                      <test-case name="Forganizer.Tests.WebUI.ErrorControllerTests.NotFound_works_with_both_inputs" executed="True" success="True" time="1.359" asserts="1" />
                      <test-case name="Forganizer.Tests.WebUI.ErrorControllerTests.NotFound_works_with_first_input" executed="True" success="True" time="0.000" asserts="1" />
                      <test-case name="Forganizer.Tests.WebUI.ErrorControllerTests.NotFound_works_with_last_input" executed="True" success="True" time="0.000" asserts="1" />
                      <test-case name="Forganizer.Tests.WebUI.ErrorControllerTests.NotFound_works_with_no_input" executed="True" success="True" time="0.000" asserts="1" />
                    </results>
                  </test-suite>
                </results>
              </test-suite>
            </results>
          </test-suite>
        </results>
      </test-suite>
    </results>
  </test-suite>
</test-results>