<?xml version="1.0" encoding="utf-8" standalone="no"?>
<!--This file represents the results of running a test suite-->
<test-results name="C:\Documents and Settings\stan.naspinski\Desktop\Forganizer\Forganizer.Tests\bin\Debug\Forganizer.Tests.dll" total="23" errors="0" failures="0" not-run="0" inconclusive="0" ignored="0" skipped="0" invalid="0" date="2009-10-08" time="16:00:16">
  <environment nunit-version="2.5.2.9222" clr-version="2.0.50727.3082" os-version="Microsoft Windows NT 5.1.2600 Service Pack 3" platform="Win32NT" cwd="C:\Documents and Settings\stan.naspinski\Desktop\Forganizer\Forganizer.Tests\bin\Debug" machine-name="N-IZ-23-40EF6A" user="stan.naspinski" user-domain="IRAQ" />
  <culture-info current-culture="en-US" current-uiculture="en-US" />
  <test-suite name="C:\Documents and Settings\stan.naspinski\Desktop\Forganizer\Forganizer.Tests\bin\Debug\Forganizer.Tests.dll" executed="True" success="True" time="1.172" asserts="0">
    <results>
      <test-suite name="Forganizer" executed="True" success="True" time="1.156" asserts="0">
        <results>
          <test-suite name="Tests" executed="True" success="True" time="1.156" asserts="0">
            <results>
              <test-suite name="EntityTests" executed="True" success="True" time="0.500" asserts="0">
                <results>
                  <test-case name="Forganizer.Tests.EntityTests.Category_string_works" executed="True" success="True" time="0.062" asserts="1" />
                  <test-case name="Forganizer.Tests.EntityTests.FileInfo_returns_the_proper_things" executed="True" success="True" time="0.000" asserts="2" />
                  <test-case name="Forganizer.Tests.EntityTests.Pulling_all_tags_from_an_ienumerable_yields_proper_results" executed="True" success="True" time="0.422" asserts="4" />
                  <test-case name="Forganizer.Tests.EntityTests.Tags_functions_are_working" executed="True" success="True" time="0.000" asserts="0" />
                </results>
              </test-suite>
              <test-suite name="InboundRoutingTests" executed="True" success="True" time="0.531" asserts="0">
                <results>
                  <test-case name="Forganizer.Tests.InboundRoutingTests.Extensions_slash_something" executed="True" success="True" time="0.469" asserts="6" />
                  <test-case name="Forganizer.Tests.InboundRoutingTests.Extensions_slash_something_slash_pageNumber" executed="True" success="True" time="0.031" asserts="6" />
                  <test-case name="Forganizer.Tests.InboundRoutingTests.Extensions_slash_something_slash_tags_slash_something" executed="True" success="True" time="0.000" asserts="6" />
                  <test-case name="Forganizer.Tests.InboundRoutingTests.Extensions_slash_something_slash_tags_slash_something_slash_pageNumer" executed="True" success="True" time="0.016" asserts="6" />
                  <test-case name="Forganizer.Tests.InboundRoutingTests.Slash_goes_to_Home" executed="True" success="True" time="0.000" asserts="3" />
                  <test-case name="Forganizer.Tests.InboundRoutingTests.Tags_slash_something" executed="True" success="True" time="0.000" asserts="6" />
                  <test-case name="Forganizer.Tests.InboundRoutingTests.Tags_slash_something_slash_extensions_slash_something" executed="True" success="True" time="0.000" asserts="6" />
                  <test-case name="Forganizer.Tests.InboundRoutingTests.Tags_slash_something_slash_extensions_slash_something_slash_pageNumer" executed="True" success="True" time="0.000" asserts="6" />
                  <test-case name="Forganizer.Tests.InboundRoutingTests.Tags_slash_something_slash_pageNumber" executed="True" success="True" time="0.000" asserts="6" />
                </results>
              </test-suite>
              <test-suite name="OutboundRoutingTests" executed="True" success="True" time="0.062" asserts="0">
                <results>
                  <test-case name="Forganizer.Tests.OutboundRoutingTests.Extensions" executed="True" success="True" time="0.031" asserts="1" />
                  <test-case name="Forganizer.Tests.OutboundRoutingTests.Extensions_page" executed="True" success="True" time="0.000" asserts="1" />
                  <test-case name="Forganizer.Tests.OutboundRoutingTests.Extensions_tags" executed="True" success="True" time="0.000" asserts="1" />
                  <test-case name="Forganizer.Tests.OutboundRoutingTests.Extensions_tags_page" executed="True" success="True" time="0.016" asserts="1" />
                  <test-case name="Forganizer.Tests.OutboundRoutingTests.Home" executed="True" success="True" time="0.000" asserts="1" />
                  <test-case name="Forganizer.Tests.OutboundRoutingTests.Tags" executed="True" success="True" time="0.000" asserts="1" />
                  <test-case name="Forganizer.Tests.OutboundRoutingTests.Tags_extensions" executed="True" success="True" time="0.000" asserts="1" />
                  <test-case name="Forganizer.Tests.OutboundRoutingTests.Tags_extensions_page" executed="True" success="True" time="0.016" asserts="1" />
                  <test-case name="Forganizer.Tests.OutboundRoutingTests.Tags_page" executed="True" success="True" time="0.000" asserts="1" />
                </results>
              </test-suite>
              <test-suite name="UtilitiesTest" executed="True" success="True" time="0.062" asserts="0">
                <results>
                  <test-case name="Forganizer.Tests.UtilitiesTest.Mocking_the_repository_works" executed="True" success="True" time="0.062" asserts="1" />
                </results>
              </test-suite>
            </results>
          </test-suite>
        </results>
      </test-suite>
    </results>
  </test-suite>
</test-results>